<?xml version="1.0" encoding="UTF-8"?>
<testng-results ignored="0" total="2" passed="2" failed="0" skipped="0">
  <reporter-output>
  </reporter-output>
  <suite started-at="2022-06-01T14:09:59 IST" name="test.SearchPageTest" finished-at="2022-06-01T14:10:04 IST" duration-ms="5714">
    <groups>
    </groups>
    <test started-at="2022-06-01T14:09:59 IST" name="Command line test" finished-at="2022-06-01T14:10:04 IST" duration-ms="5714">
      <class name="test.SearchPageTest">
        <test-method is-config="true" signature="setup()[pri:0, instance:test.SearchPageTest@61d47554]" started-at="2022-06-01T14:09:59 IST" name="setup" finished-at="2022-06-01T14:10:02 IST" duration-ms="3352" status="PASS">
          <reporter-output>
          </reporter-output>
        </test-method> <!-- setup -->
        <test-method signature="firstNameSearch()[pri:0, instance:test.SearchPageTest@61d47554]" started-at="2022-06-01T14:10:02 IST" name="firstNameSearch" finished-at="2022-06-01T14:10:02 IST" duration-ms="56" status="PASS">
          <reporter-output>
          </reporter-output>
        </test-method> <!-- firstNameSearch -->
        <test-method is-config="true" signature="setup()[pri:0, instance:test.SearchPageTest@61d47554]" started-at="2022-06-01T14:10:02 IST" name="setup" finished-at="2022-06-01T14:10:04 IST" duration-ms="2236" status="PASS">
          <reporter-output>
          </reporter-output>
        </test-method> <!-- setup -->
        <test-method signature="firstNameSearch2()[pri:0, instance:test.SearchPageTest@61d47554]" started-at="2022-06-01T14:10:04 IST" name="firstNameSearch2" finished-at="2022-06-01T14:10:04 IST" duration-ms="42" status="PASS">
          <reporter-output>
          </reporter-output>
        </test-method> <!-- firstNameSearch2 -->
      </class> <!-- test.SearchPageTest -->
    </test> <!-- Command line test -->
  </suite> <!-- test.SearchPageTest -->
</testng-results>
