<?xml version="1.0" encoding="UTF-8"?>
<testng-results ignored="0" total="1" passed="1" failed="0" skipped="0">
  <reporter-output>
  </reporter-output>
  <suite started-at="2022-05-31T19:32:25 IST" name="test.SearchPageTest" finished-at="2022-05-31T19:32:29 IST" duration-ms="3991">
    <groups>
    </groups>
    <test started-at="2022-05-31T19:32:25 IST" name="Command line test" finished-at="2022-05-31T19:32:29 IST" duration-ms="3991">
      <class name="test.SearchPageTest">
        <test-method is-config="true" signature="setup()[pri:0, instance:test.SearchPageTest@61d47554]" started-at="2022-05-31T19:32:25 IST" name="setup" finished-at="2022-05-31T19:32:29 IST" duration-ms="3892" status="PASS">
          <reporter-output>
          </reporter-output>
        </test-method> <!-- setup -->
        <test-method signature="firstNameSearch()[pri:0, instance:test.SearchPageTest@61d47554]" started-at="2022-05-31T19:32:29 IST" name="firstNameSearch" finished-at="2022-05-31T19:32:29 IST" duration-ms="63" status="PASS">
          <reporter-output>
          </reporter-output>
        </test-method> <!-- firstNameSearch -->
      </class> <!-- test.SearchPageTest -->
    </test> <!-- Command line test -->
  </suite> <!-- test.SearchPageTest -->
</testng-results>
