<?xml version="1.0" encoding="UTF-8"?>
<testng-results ignored="0" total="1" passed="1" failed="0" skipped="0">
  <reporter-output>
  </reporter-output>
  <suite started-at="2022-05-30T16:46:31 IST" name="Default suite" finished-at="2022-05-30T16:46:34 IST" duration-ms="3388">
    <groups>
    </groups>
    <test started-at="2022-05-30T16:46:31 IST" name="Default test" finished-at="2022-05-30T16:46:34 IST" duration-ms="3388">
      <class name="test.SearchPageTest">
        <test-method is-config="true" signature="setup()[pri:0, instance:test.SearchPageTest@6379eb]" started-at="2022-05-30T16:46:31 IST" name="setup" finished-at="2022-05-30T16:46:34 IST" duration-ms="3311" status="PASS">
          <reporter-output>
          </reporter-output>
        </test-method> <!-- setup -->
        <test-method signature="firstNameSearch()[pri:0, instance:test.SearchPageTest@6379eb]" started-at="2022-05-30T16:46:34 IST" name="firstNameSearch" finished-at="2022-05-30T16:46:34 IST" duration-ms="49" status="PASS">
          <reporter-output>
          </reporter-output>
        </test-method> <!-- firstNameSearch -->
      </class> <!-- test.SearchPageTest -->
    </test> <!-- Default test -->
  </suite> <!-- Default suite -->
</testng-results>
