<?xml version="1.0" encoding="UTF-8"?>
<testng-results ignored="0" total="1" passed="1" failed="0" skipped="0">
  <reporter-output>
  </reporter-output>
  <suite started-at="2022-05-31T14:12:12 IST" name="Suite" finished-at="2022-05-31T14:12:15 IST" duration-ms="3285">
    <groups>
    </groups>
    <test started-at="2022-05-31T14:12:12 IST" name="Test" finished-at="2022-05-31T14:12:15 IST" duration-ms="3285">
      <class name="test.SearchPageTest">
        <test-method is-config="true" signature="setup()[pri:0, instance:test.SearchPageTest@6379eb]" started-at="2022-05-31T14:12:12 IST" name="setup" finished-at="2022-05-31T14:12:15 IST" duration-ms="3213" status="PASS">
          <reporter-output>
          </reporter-output>
        </test-method> <!-- setup -->
        <test-method signature="firstNameSearch()[pri:0, instance:test.SearchPageTest@6379eb]" started-at="2022-05-31T14:12:15 IST" name="firstNameSearch" finished-at="2022-05-31T14:12:15 IST" duration-ms="45" status="PASS">
          <reporter-output>
          </reporter-output>
        </test-method> <!-- firstNameSearch -->
      </class> <!-- test.SearchPageTest -->
    </test> <!-- Test -->
  </suite> <!-- Suite -->
</testng-results>
